<?xml version="1.0" encoding="UTF-8"?>
<!-- Generated by org.testng.reporters.JUnitReportReporter -->
<testsuite hostname="Mohammad-Aqel" failures="0" tests="1" name="MyTestCases" time="51.889" errors="0" timestamp="2024-02-22T18:26:19 EET" skipped="0">
  <testcase classname="MyTestCases" name="LoginWithBrowser" time="51.889"/>
  <system-out/>
</testsuite> <!-- MyTestCases -->
